2025-07-18 20:20:00 | DEBUG | repo=auction | action=commit
2025-10-03 13:56:00 | DEBUG | repo=auction | action=commit
2025-12-28 12:43:00 | INFO | repo=auction | action=commit
2025-12-06 17:59:00 | WARN | repo=auction | action=commit
2025-11-01 14:48:00 | INFO | repo=auction | action=pull
2025-01-14 09:40:00 | INFO | repo=auction | action=test | passed=true
2025-11-07 13:58:00 | INFO | repo=auction | action=commit
2025-04-18 19:30:00 | WARN | repo=auction | action=test | passed=true
2025-03-20 17:21:00 | INFO | repo=auction | action=pull
2025-09-02 18:44:00 | WARN | repo=auction | action=pull
2025-03-22 19:51:00 | INFO | repo=auction | action=commit
2025-02-09 16:18:00 | DEBUG | repo=auction | action=pull
2025-12-07 18:44:00 | INFO | repo=auction | action=commit
2025-05-14 18:56:00 | DEBUG | repo=auction | action=commit
2025-05-05 07:49:00 | WARN | repo=auction | action=commit
2025-09-05 13:41:00 | INFO | repo=auction | action=commit
2025-08-15 18:14:00 | WARN | repo=auction | action=commit
2025-05-02 13:46:00 | DEBUG | repo=auction | action=commit
2025-06-14 19:34:00 | INFO | repo=auction | action=commit
2025-03-23 17:52:00 | INFO | repo=auction | action=commit
